::1 - - [12/Nov/2020:14:28:18 +0300] "GET / HTTP/1.1" 200 161
::1 - - [12/Nov/2020:14:28:18 +0300] "GET /favicon.ico HTTP/1.1" 404 196
::1 - - [12/Nov/2020:14:29:04 +0300] "GET / HTTP/1.1" 200 161
::1 - - [12/Nov/2020:14:29:12 +0300] "GET / HTTP/1.1" 200 161
::1 - - [12/Nov/2020:14:31:11 +0300] "GET / HTTP/1.1" 200 161
::1 - - [12/Nov/2020:14:31:12 +0300] "GET / HTTP/1.1" 200 161
::1 - - [12/Nov/2020:14:31:32 +0300] "GET / HTTP/1.1" 200 161
::1 - - [12/Nov/2020:14:32:33 +0300] "GET / HTTP/1.1" 200 161
::1 - - [12/Nov/2020:14:32:36 +0300] "GET / HTTP/1.1" 200 161
::1 - - [12/Nov/2020:14:33:15 +0300] "GET / HTTP/1.1" 200 -
::1 - - [12/Nov/2020:14:33:15 +0300] "GET / HTTP/1.1" 304 -
::1 - - [12/Nov/2020:14:35:02 +0300] "GET / HTTP/1.1" 200 430
::1 - - [12/Nov/2020:14:35:04 +0300] "POST /display.php HTTP/1.1" 200 163
::1 - - [12/Nov/2020:14:35:11 +0300] "POST /display.php HTTP/1.1" 200 177
::1 - - [12/Nov/2020:14:35:45 +0300] "GET /task1/index.html HTTP/1.1" 200 430
::1 - - [12/Nov/2020:14:37:10 +0300] "GET / HTTP/1.1" 200 885
::1 - - [12/Nov/2020:14:37:40 +0300] "GET / HTTP/1.1" 200 248
::1 - - [12/Nov/2020:14:37:40 +0300] "GET /task1/index.html HTTP/1.1" 304 -
::1 - - [12/Nov/2020:14:42:05 +0300] "GET / HTTP/1.1" 200 248
::1 - - [12/Nov/2020:14:42:05 +0300] "GET /favicon.ico HTTP/1.1" 404 196
::1 - - [12/Nov/2020:14:42:06 +0300] "GET /task1/index.html HTTP/1.1" 200 690
::1 - - [12/Nov/2020:14:43:05 +0300] "-" 408 -
::1 - - [12/Nov/2020:14:46:46 +0300] "GET /task1/index.html HTTP/1.1" 200 694
::1 - - [12/Nov/2020:14:47:03 +0300] "GET /task1/index.html HTTP/1.1" 200 692
::1 - - [12/Nov/2020:14:48:38 +0300] "GET /task1/index.html HTTP/1.1" 200 673
::1 - - [12/Nov/2020:14:48:49 +0300] "GET /task1/index.html HTTP/1.1" 200 697
::1 - - [12/Nov/2020:14:48:59 +0300] "GET /task1/index.html HTTP/1.1" 200 700
::1 - - [12/Nov/2020:14:49:32 +0300] "GET /task1/index.html HTTP/1.1" 200 685
::1 - - [12/Nov/2020:14:49:57 +0300] "GET /task1/index.html HTTP/1.1" 200 687
::1 - - [12/Nov/2020:14:50:02 +0300] "GET /task1/index.html HTTP/1.1" 200 687
::1 - - [12/Nov/2020:14:50:19 +0300] "GET /task1/index.html HTTP/1.1" 200 689
::1 - - [12/Nov/2020:14:50:29 +0300] "GET /task1/index.html HTTP/1.1" 200 640
::1 - - [12/Nov/2020:14:50:36 +0300] "GET /task1/index.html HTTP/1.1" 200 642
::1 - - [12/Nov/2020:14:50:51 +0300] "GET /task1/index.html HTTP/1.1" 200 646
::1 - - [12/Nov/2020:14:50:59 +0300] "GET /task1/index.html HTTP/1.1" 200 694
::1 - - [12/Nov/2020:14:51:05 +0300] "GET /task1/index.html HTTP/1.1" 200 691
::1 - - [12/Nov/2020:14:51:18 +0300] "GET /task1/index.html HTTP/1.1" 200 701
::1 - - [12/Nov/2020:14:51:31 +0300] "GET /task1/index.html HTTP/1.1" 200 723
::1 - - [12/Nov/2020:14:51:59 +0300] "GET /task1/index.html HTTP/1.1" 200 766
::1 - - [12/Nov/2020:14:52:05 +0300] "GET /task1/index.html HTTP/1.1" 200 715
::1 - - [12/Nov/2020:14:52:21 +0300] "GET /task1/index.html HTTP/1.1" 200 653
::1 - - [12/Nov/2020:14:52:36 +0300] "GET /task1/index.html HTTP/1.1" 200 663
::1 - - [12/Nov/2020:14:53:19 +0300] "GET /task1/index.html HTTP/1.1" 200 666
::1 - - [12/Nov/2020:14:54:32 +0300] "GET /task1/index.html HTTP/1.1" 200 670
::1 - - [12/Nov/2020:14:54:40 +0300] "GET /task1/index.html HTTP/1.1" 200 672
::1 - - [12/Nov/2020:14:54:55 +0300] "GET /task1/index.html HTTP/1.1" 200 673
::1 - - [12/Nov/2020:14:56:19 +0300] "GET /task1/index.html HTTP/1.1" 200 691
::1 - - [12/Nov/2020:14:57:00 +0300] "GET /task1/index.html HTTP/1.1" 200 644
::1 - - [12/Nov/2020:14:58:18 +0300] "GET /task1/index.html HTTP/1.1" 200 657
::1 - - [12/Nov/2020:14:58:26 +0300] "GET /task1/index.html HTTP/1.1" 200 657
::1 - - [12/Nov/2020:14:58:55 +0300] "GET /task1/index.html HTTP/1.1" 200 658
::1 - - [12/Nov/2020:15:01:08 +0300] "GET /task1/index.html HTTP/1.1" 200 657
::1 - - [12/Nov/2020:15:01:09 +0300] "GET /favicon.ico HTTP/1.1" 404 196
::1 - - [12/Nov/2020:15:01:24 +0300] "GET /task1/index.html HTTP/1.1" 200 658
::1 - - [12/Nov/2020:15:01:41 +0300] "GET /task1/index.html HTTP/1.1" 200 665
::1 - - [12/Nov/2020:15:02:14 +0300] "GET /task1/index.html HTTP/1.1" 200 758
::1 - - [12/Nov/2020:15:02:26 +0300] "GET /task1/index.html HTTP/1.1" 200 783
::1 - - [12/Nov/2020:15:02:38 +0300] "GET /task1/index.html HTTP/1.1" 200 790
::1 - - [12/Nov/2020:15:03:12 +0300] "GET /task1/index.html HTTP/1.1" 200 790
::1 - - [12/Nov/2020:15:04:48 +0300] "GET /task1/index.html HTTP/1.1" 200 808
::1 - - [12/Nov/2020:15:04:56 +0300] "GET /task1/index.html HTTP/1.1" 200 783
::1 - - [12/Nov/2020:15:10:03 +0300] "GET /task1/index.html HTTP/1.1" 200 633
::1 - - [12/Nov/2020:15:10:04 +0300] "GET /favicon.ico HTTP/1.1" 404 196
::1 - - [12/Nov/2020:15:11:06 +0300] "GET /task1/index.html HTTP/1.1" 200 790
